<?xml version="1.0" encoding="UTF-8"?>
<testsuite xmlns:xsi="http://www.w3.org/2001/XMLSchema-instance" xsi:noNamespaceSchemaLocation="https://maven.apache.org/surefire/maven-surefire-plugin/xsd/surefire-test-report.xsd" name="TestSuite" time="0.641" tests="5" errors="0" skipped="0" failures="0">
  <properties>
    <property name="sun.desktop" value="windows"/>
    <property name="awt.toolkit" value="sun.awt.windows.WToolkit"/>
    <property name="file.encoding.pkg" value="sun.io"/>
    <property name="java.specification.version" value="1.8"/>
    <property name="sun.cpu.isalist" value="pentium_pro+mmx pentium_pro pentium+mmx pentium i486 i386 i86"/>
    <property name="sun.jnu.encoding" value="Cp1251"/>
    <property name="java.class.path" value="C:\Users\Pavlo\Desktop\testng-maven\target\test-classes;C:\Users\Pavlo\Desktop\testng-maven\target\classes;C:\Users\Pavlo\.m2\repository\org\testng\testng\6.10\testng-6.10.jar;C:\Users\Pavlo\.m2\repository\com\beust\jcommander\1.48\jcommander-1.48.jar;C:\Users\Pavlo\.m2\repository\org\apache\maven\surefire\surefire-testng-utils\2.20.1\surefire-testng-utils-2.20.1.jar;C:\Users\Pavlo\.m2\repository\org\apache\maven\surefire\surefire-grouper\2.20.1\surefire-grouper-2.20.1.jar;"/>
    <property name="java.vm.vendor" value="Oracle Corporation"/>
    <property name="sun.arch.data.model" value="32"/>
    <property name="user.variant" value=""/>
    <property name="java.vendor.url" value="http://java.oracle.com/"/>
    <property name="user.timezone" value=""/>
    <property name="java.vm.specification.version" value="1.8"/>
    <property name="os.name" value="Windows 10"/>
    <property name="user.country" value="UA"/>
    <property name="sun.java.launcher" value="SUN_STANDARD"/>
    <property name="sun.boot.library.path" value="C:\Program Files (x86)\Java\jdk1.8.0_121\jre\bin"/>
    <property name="sun.java.command" value="C:\Users\Pavlo\AppData\Local\Temp\surefire8441977711325688759\surefirebooter8322755505491876454.jar C:\Users\Pavlo\AppData\Local\Temp\surefire8441977711325688759 2018-02-12T10-18-40_001-jvmRun1 surefire4232528433515118914tmp surefire_05483697693821158455tmp"/>
    <property name="surefire.test.class.path" value="C:\Users\Pavlo\Desktop\testng-maven\target\test-classes;C:\Users\Pavlo\Desktop\testng-maven\target\classes;C:\Users\Pavlo\.m2\repository\org\testng\testng\6.10\testng-6.10.jar;C:\Users\Pavlo\.m2\repository\com\beust\jcommander\1.48\jcommander-1.48.jar;C:\Users\Pavlo\.m2\repository\org\apache\maven\surefire\surefire-testng-utils\2.20.1\surefire-testng-utils-2.20.1.jar;C:\Users\Pavlo\.m2\repository\org\apache\maven\surefire\surefire-grouper\2.20.1\surefire-grouper-2.20.1.jar;"/>
    <property name="sun.cpu.endian" value="little"/>
    <property name="user.home" value="C:\Users\Pavlo"/>
    <property name="user.language" value="uk"/>
    <property name="java.specification.vendor" value="Oracle Corporation"/>
    <property name="java.home" value="C:\Program Files (x86)\Java\jdk1.8.0_121\jre"/>
    <property name="basedir" value="C:\Users\Pavlo\Desktop\testng-maven"/>
    <property name="file.separator" value="\"/>
    <property name="line.separator" value="&#10;"/>
    <property name="java.vm.specification.vendor" value="Oracle Corporation"/>
    <property name="java.specification.name" value="Java Platform API Specification"/>
    <property name="java.awt.graphicsenv" value="sun.awt.Win32GraphicsEnvironment"/>
    <property name="surefire.real.class.path" value="C:\Users\Pavlo\AppData\Local\Temp\surefire8441977711325688759\surefirebooter8322755505491876454.jar"/>
    <property name="sun.boot.class.path" value="C:\Program Files (x86)\Java\jdk1.8.0_121\jre\lib\resources.jar;C:\Program Files (x86)\Java\jdk1.8.0_121\jre\lib\rt.jar;C:\Program Files (x86)\Java\jdk1.8.0_121\jre\lib\sunrsasign.jar;C:\Program Files (x86)\Java\jdk1.8.0_121\jre\lib\jsse.jar;C:\Program Files (x86)\Java\jdk1.8.0_121\jre\lib\jce.jar;C:\Program Files (x86)\Java\jdk1.8.0_121\jre\lib\charsets.jar;C:\Program Files (x86)\Java\jdk1.8.0_121\jre\lib\jfr.jar;C:\Program Files (x86)\Java\jdk1.8.0_121\jre\classes"/>
    <property name="user.script" value=""/>
    <property name="sun.management.compiler" value="HotSpot Client Compiler"/>
    <property name="java.runtime.version" value="1.8.0_121-b13"/>
    <property name="user.name" value="Pavlo"/>
    <property name="path.separator" value=";"/>
    <property name="os.version" value="10.0"/>
    <property name="java.endorsed.dirs" value="C:\Program Files (x86)\Java\jdk1.8.0_121\jre\lib\endorsed"/>
    <property name="java.runtime.name" value="Java(TM) SE Runtime Environment"/>
    <property name="file.encoding" value="Cp1251"/>
    <property name="java.vm.name" value="Java HotSpot(TM) Client VM"/>
    <property name="localRepository" value="C:\Users\Pavlo\.m2\repository"/>
    <property name="java.vendor.url.bug" value="http://bugreport.sun.com/bugreport/"/>
    <property name="java.io.tmpdir" value="C:\Users\Pavlo\AppData\Local\Temp\"/>
    <property name="java.version" value="1.8.0_121"/>
    <property name="user.dir" value="C:\Users\Pavlo\Desktop\testng-maven"/>
    <property name="os.arch" value="x86"/>
    <property name="java.vm.specification.name" value="Java Virtual Machine Specification"/>
    <property name="java.awt.printerjob" value="sun.awt.windows.WPrinterJob"/>
    <property name="sun.os.patch.level" value=""/>
    <property name="java.library.path" value="C:\Program Files (x86)\Java\jdk1.8.0_121\jre\bin;C:\WINDOWS\Sun\Java\bin;C:\WINDOWS\system32;C:\WINDOWS;C:\ProgramData\Oracle\Java\javapath;C:\WINDOWS\system32;C:\WINDOWS;C:\WINDOWS\System32\Wbem;C:\WINDOWS\System32\WindowsPowerShell\v1.0\;C:\Python27;C:\Python27\Scripts;C:\Program Files (x86)\GtkSharp\2.12\bin;C:\Program Files (x86)\Windows Kits\8.1\Windows Performance Toolkit\;C:\Program Files (x86)\Skype\Phone\;C:\Program Files\nodejs\;C:\Program Files (x86)\Common Files\Acronis\SnapAPI\;C:\PhantomJs\bin\phantomjs;C:\Users\Pavlo\AppData\Local\Microsoft\WindowsApps;C:\Python27;C:\Python27\Scripts;C:\Users\Pavlo\AppData\Local\atom\bin;C:\Program Files (x86)\Java\jdk1.8.0_121bin;C:\Users\Pavlo\Desktop\apache-jmeter-3.1\apache-jmeter-3.1\bin;C:\Users\Pavlo\AppData\Roaming\npm;C:\Users\Pavlo\apache-ant-1.10.1\bin;C:\Program Files\Apache\maven\bin;C:\Program Files\Git\bin;C:\Users\Pavlo\curl-7.45.0-win64-mingw\bin;C:\Users\Pavlo\AppData\Local\Android\sdk\tools;C:\Users\Pavlo\AppData\Local\Android\sdk\platform-tools;C:\Program Files (x86)\Appium\node_modules\.bin;C:\Users\Pavlo\AppData\Local\Programs\Fiddler;C:\Users\Pavlo\AppData\Local\GitHubDesktop\bin;C:\Users\Pavlo\AppData\Local\Microsoft\WindowsApps;C:\Program Files\Apache\maven\bin;;."/>
    <property name="java.vm.info" value="mixed mode"/>
    <property name="java.vendor" value="Oracle Corporation"/>
    <property name="java.vm.version" value="25.121-b13"/>
    <property name="java.ext.dirs" value="C:\Program Files (x86)\Java\jdk1.8.0_121\jre\lib\ext;C:\WINDOWS\Sun\Java\lib\ext"/>
    <property name="sun.io.unicode.encoding" value="UnicodeLittle"/>
    <property name="java.class.version" value="52.0"/>
  </properties>
  <testcase name="testAdd" classname="ua.pavlo.calc.samples" time="0.007"/>
  <testcase name="testDivide" classname="ua.pavlo.calc.samples" time="0"/>
  <testcase name="testMultiply" classname="ua.pavlo.calc.samples" time="0"/>
  <testcase name="testSquareSum" classname="ua.pavlo.calc.samples" time="0"/>
  <testcase name="testSubtract" classname="ua.pavlo.calc.samples" time="0"/>
</testsuite>