<?xml version="1.0" encoding="UTF-8"?>
<!-- Generated by org.testng.reporters.JUnitReportReporter -->
<testsuite name="samples.samples" tests="2" time="0.008" ignored="0" failures="0" timestamp="11 лют. 2018 17:53:47 GMT" skipped="0" hostname="DESKTOP-S9VHNEO" errors="0">
  <testcase name="third" time="0.001" classname="samples.samples"/>
  <testcase name="second" time="0.007" classname="samples.samples"/>
</testsuite> <!-- samples.samples -->
