<?xml version="1.0" encoding="UTF-8"?>
<!-- Generated by org.testng.reporters.JUnitReportReporter -->
<testsuite name="ua.pavlo.calc.samples" tests="5" time="0.007" ignored="0" failures="0" timestamp="12 лют. 2018 08:18:41 GMT" skipped="0" hostname="DESKTOP-S9VHNEO" errors="0">
  <testcase name="testMultiply" time="0.000" classname="ua.pavlo.calc.samples"/>
  <testcase name="testSquareSum" time="0.000" classname="ua.pavlo.calc.samples"/>
  <testcase name="testDivide" time="0.000" classname="ua.pavlo.calc.samples"/>
  <testcase name="testAdd" time="0.007" classname="ua.pavlo.calc.samples"/>
  <testcase name="testSubtract" time="0.000" classname="ua.pavlo.calc.samples"/>
</testsuite> <!-- ua.pavlo.calc.samples -->
